<?xml version="1.0" encoding="UTF-8"?>
<!-- Generated by org.testng.reporters.JUnitReportReporter -->
<testsuite hostname="Abhijit" failures="0" tests="1" name="com.testrunner.TestRunner" time="18.904" errors="0" timestamp="2024-12-02T11:11:49 IST" skipped="0">
  <testcase classname="com.testrunner.TestRunner" name="runScenario" time="18.904"/>
  <system-out/>
</testsuite> <!-- com.testrunner.TestRunner -->
