<?xml version="1.0" encoding="UTF-8"?>
<!-- Generated by org.testng.reporters.JUnitReportReporter -->
<testsuite hostname="Abhijit" failures="0" tests="1" name="com.testrunner.TestRunner" time="29.845" errors="0" timestamp="2024-12-03T11:33:32 IST" skipped="0">
  <testcase classname="com.testrunner.TestRunner" name="runScenario" time="29.845"/>
  <system-out/>
</testsuite> <!-- com.testrunner.TestRunner -->
